Created by PLY version 3.11 (http://www.dabeaz.com/ply)

Grammar

Rule 0     S' -> expr
Rule 1     expr -> VAR
Rule 2     expr -> NUMBER
Rule 3     expr -> LAMBDA VAR DOT expr
Rule 4     expr -> expr expr
Rule 5     expr -> LPAREN expr RPAREN

Terminals, with rules where they appear

DOT                  : 3
LAMBDA               : 3
LPAREN               : 5
NUMBER               : 2
RPAREN               : 5
VAR                  : 1 3
error                : 

Nonterminals, with rules where they appear

expr                 : 3 4 4 5 0

Parsing method: LALR

state 0

    (0) S' -> . expr
    (1) expr -> . VAR
    (2) expr -> . NUMBER
    (3) expr -> . LAMBDA VAR DOT expr
    (4) expr -> . expr expr
    (5) expr -> . LPAREN expr RPAREN

    VAR             shift and go to state 2
    NUMBER          shift and go to state 3
    LAMBDA          shift and go to state 4
    LPAREN          shift and go to state 5

    expr                           shift and go to state 1

state 1

    (0) S' -> expr .
    (4) expr -> expr . expr
    (1) expr -> . VAR
    (2) expr -> . NUMBER
    (3) expr -> . LAMBDA VAR DOT expr
    (4) expr -> . expr expr
    (5) expr -> . LPAREN expr RPAREN

    VAR             shift and go to state 2
    NUMBER          shift and go to state 3
    LAMBDA          shift and go to state 4
    LPAREN          shift and go to state 5

    expr                           shift and go to state 6

state 2

    (1) expr -> VAR .

    VAR             reduce using rule 1 (expr -> VAR .)
    NUMBER          reduce using rule 1 (expr -> VAR .)
    LAMBDA          reduce using rule 1 (expr -> VAR .)
    LPAREN          reduce using rule 1 (expr -> VAR .)
    $end            reduce using rule 1 (expr -> VAR .)
    RPAREN          reduce using rule 1 (expr -> VAR .)


state 3

    (2) expr -> NUMBER .

    VAR             reduce using rule 2 (expr -> NUMBER .)
    NUMBER          reduce using rule 2 (expr -> NUMBER .)
    LAMBDA          reduce using rule 2 (expr -> NUMBER .)
    LPAREN          reduce using rule 2 (expr -> NUMBER .)
    $end            reduce using rule 2 (expr -> NUMBER .)
    RPAREN          reduce using rule 2 (expr -> NUMBER .)


state 4

    (3) expr -> LAMBDA . VAR DOT expr

    VAR             shift and go to state 7


state 5

    (5) expr -> LPAREN . expr RPAREN
    (1) expr -> . VAR
    (2) expr -> . NUMBER
    (3) expr -> . LAMBDA VAR DOT expr
    (4) expr -> . expr expr
    (5) expr -> . LPAREN expr RPAREN

    VAR             shift and go to state 2
    NUMBER          shift and go to state 3
    LAMBDA          shift and go to state 4
    LPAREN          shift and go to state 5

    expr                           shift and go to state 8

state 6

    (4) expr -> expr expr .
    (4) expr -> expr . expr
    (1) expr -> . VAR
    (2) expr -> . NUMBER
    (3) expr -> . LAMBDA VAR DOT expr
    (4) expr -> . expr expr
    (5) expr -> . LPAREN expr RPAREN

  ! shift/reduce conflict for VAR resolved as shift
  ! shift/reduce conflict for NUMBER resolved as shift
  ! shift/reduce conflict for LAMBDA resolved as shift
  ! shift/reduce conflict for LPAREN resolved as shift
    $end            reduce using rule 4 (expr -> expr expr .)
    RPAREN          reduce using rule 4 (expr -> expr expr .)
    VAR             shift and go to state 2
    NUMBER          shift and go to state 3
    LAMBDA          shift and go to state 4
    LPAREN          shift and go to state 5

  ! VAR             [ reduce using rule 4 (expr -> expr expr .) ]
  ! NUMBER          [ reduce using rule 4 (expr -> expr expr .) ]
  ! LAMBDA          [ reduce using rule 4 (expr -> expr expr .) ]
  ! LPAREN          [ reduce using rule 4 (expr -> expr expr .) ]

    expr                           shift and go to state 6

state 7

    (3) expr -> LAMBDA VAR . DOT expr

    DOT             shift and go to state 9


state 8

    (5) expr -> LPAREN expr . RPAREN
    (4) expr -> expr . expr
    (1) expr -> . VAR
    (2) expr -> . NUMBER
    (3) expr -> . LAMBDA VAR DOT expr
    (4) expr -> . expr expr
    (5) expr -> . LPAREN expr RPAREN

    RPAREN          shift and go to state 10
    VAR             shift and go to state 2
    NUMBER          shift and go to state 3
    LAMBDA          shift and go to state 4
    LPAREN          shift and go to state 5

    expr                           shift and go to state 6

state 9

    (3) expr -> LAMBDA VAR DOT . expr
    (1) expr -> . VAR
    (2) expr -> . NUMBER
    (3) expr -> . LAMBDA VAR DOT expr
    (4) expr -> . expr expr
    (5) expr -> . LPAREN expr RPAREN

    VAR             shift and go to state 2
    NUMBER          shift and go to state 3
    LAMBDA          shift and go to state 4
    LPAREN          shift and go to state 5

    expr                           shift and go to state 11

state 10

    (5) expr -> LPAREN expr RPAREN .

    VAR             reduce using rule 5 (expr -> LPAREN expr RPAREN .)
    NUMBER          reduce using rule 5 (expr -> LPAREN expr RPAREN .)
    LAMBDA          reduce using rule 5 (expr -> LPAREN expr RPAREN .)
    LPAREN          reduce using rule 5 (expr -> LPAREN expr RPAREN .)
    $end            reduce using rule 5 (expr -> LPAREN expr RPAREN .)
    RPAREN          reduce using rule 5 (expr -> LPAREN expr RPAREN .)


state 11

    (3) expr -> LAMBDA VAR DOT expr .
    (4) expr -> expr . expr
    (1) expr -> . VAR
    (2) expr -> . NUMBER
    (3) expr -> . LAMBDA VAR DOT expr
    (4) expr -> . expr expr
    (5) expr -> . LPAREN expr RPAREN

  ! shift/reduce conflict for VAR resolved as shift
  ! shift/reduce conflict for NUMBER resolved as shift
  ! shift/reduce conflict for LAMBDA resolved as shift
  ! shift/reduce conflict for LPAREN resolved as shift
    $end            reduce using rule 3 (expr -> LAMBDA VAR DOT expr .)
    RPAREN          reduce using rule 3 (expr -> LAMBDA VAR DOT expr .)
    VAR             shift and go to state 2
    NUMBER          shift and go to state 3
    LAMBDA          shift and go to state 4
    LPAREN          shift and go to state 5

  ! VAR             [ reduce using rule 3 (expr -> LAMBDA VAR DOT expr .) ]
  ! NUMBER          [ reduce using rule 3 (expr -> LAMBDA VAR DOT expr .) ]
  ! LAMBDA          [ reduce using rule 3 (expr -> LAMBDA VAR DOT expr .) ]
  ! LPAREN          [ reduce using rule 3 (expr -> LAMBDA VAR DOT expr .) ]

    expr                           shift and go to state 6
WARNING: 
WARNING: Conflicts:
WARNING: 
WARNING: shift/reduce conflict for VAR in state 6 resolved as shift
WARNING: shift/reduce conflict for NUMBER in state 6 resolved as shift
WARNING: shift/reduce conflict for LAMBDA in state 6 resolved as shift
WARNING: shift/reduce conflict for LPAREN in state 6 resolved as shift
WARNING: shift/reduce conflict for VAR in state 11 resolved as shift
WARNING: shift/reduce conflict for NUMBER in state 11 resolved as shift
WARNING: shift/reduce conflict for LAMBDA in state 11 resolved as shift
WARNING: shift/reduce conflict for LPAREN in state 11 resolved as shift
